0 info it worked if it ends with ok
1 verbose cli [ '/usr/local/bin/node',
1 verbose cli   '/usr/local/bin/npm',
1 verbose cli   'publish',
1 verbose cli   'logsys@1.0.0' ]
2 info using npm@3.10.8
3 info using node@v7.0.0
4 verbose publish [ 'logsys@1.0.0' ]
5 silly cache add args [ 'logsys@1.0.0', null ]
6 verbose cache add spec logsys@1.0.0
7 silly cache add parsed spec Result {
7 silly cache add   raw: 'logsys@1.0.0',
7 silly cache add   scope: null,
7 silly cache add   escapedName: 'logsys',
7 silly cache add   name: 'logsys',
7 silly cache add   rawSpec: '1.0.0',
7 silly cache add   spec: '1.0.0',
7 silly cache add   type: 'version' }
8 silly addNamed logsys@1.0.0
9 verbose addNamed "1.0.0" is a plain semver version for logsys
10 silly mapToRegistry name logsys
11 silly mapToRegistry using default registry
12 silly mapToRegistry registry https://registry.npmjs.org/
13 silly mapToRegistry data Result {
13 silly mapToRegistry   raw: 'logsys',
13 silly mapToRegistry   scope: null,
13 silly mapToRegistry   escapedName: 'logsys',
13 silly mapToRegistry   name: 'logsys',
13 silly mapToRegistry   rawSpec: '',
13 silly mapToRegistry   spec: 'latest',
13 silly mapToRegistry   type: 'tag' }
14 silly mapToRegistry uri https://registry.npmjs.org/logsys
15 verbose addNameVersion registry:https://registry.npmjs.org/logsys not in flight; fetching
16 verbose request uri https://registry.npmjs.org/logsys
17 verbose request no auth needed
18 info attempt registry request try #1 at 18:23:53
19 verbose request using bearer token for auth
20 verbose request id 1ebdd32ff34e2749
21 http request GET https://registry.npmjs.org/logsys
22 http 404 https://registry.npmjs.org/logsys
23 verbose headers { 'content-type': 'application/json',
23 verbose headers   'cache-control': 'max-age=0',
23 verbose headers   'content-length': '2',
23 verbose headers   'accept-ranges': 'bytes',
23 verbose headers   date: 'Mon, 21 Nov 2016 10:23:57 GMT',
23 verbose headers   via: '1.1 varnish',
23 verbose headers   connection: 'keep-alive',
23 verbose headers   'x-served-by': 'cache-lcy1148-LCY',
23 verbose headers   'x-cache': 'MISS',
23 verbose headers   'x-cache-hits': '0',
23 verbose headers   'x-timer': 'S1479723836.931377,VS0,VE615',
23 verbose headers   vary: 'Accept-Encoding' }
24 silly get cb [ 404,
24 silly get   { 'content-type': 'application/json',
24 silly get     'cache-control': 'max-age=0',
24 silly get     'content-length': '2',
24 silly get     'accept-ranges': 'bytes',
24 silly get     date: 'Mon, 21 Nov 2016 10:23:57 GMT',
24 silly get     via: '1.1 varnish',
24 silly get     connection: 'keep-alive',
24 silly get     'x-served-by': 'cache-lcy1148-LCY',
24 silly get     'x-cache': 'MISS',
24 silly get     'x-cache-hits': '0',
24 silly get     'x-timer': 'S1479723836.931377,VS0,VE615',
24 silly get     vary: 'Accept-Encoding' } ]
25 verbose stack Error: Registry returned 404 for GET on https://registry.npmjs.org/logsys
25 verbose stack     at makeError (/usr/local/lib/node_modules/npm/node_modules/npm-registry-client/lib/request.js:302:12)
25 verbose stack     at CachingRegistryClient.<anonymous> (/usr/local/lib/node_modules/npm/node_modules/npm-registry-client/lib/request.js:280:14)
25 verbose stack     at Request._callback (/usr/local/lib/node_modules/npm/node_modules/npm-registry-client/lib/request.js:210:14)
25 verbose stack     at Request.self.callback (/usr/local/lib/node_modules/npm/node_modules/request/request.js:187:22)
25 verbose stack     at emitTwo (events.js:106:13)
25 verbose stack     at Request.emit (events.js:191:7)
25 verbose stack     at Request.<anonymous> (/usr/local/lib/node_modules/npm/node_modules/request/request.js:1044:10)
25 verbose stack     at emitOne (events.js:96:13)
25 verbose stack     at Request.emit (events.js:188:7)
25 verbose stack     at IncomingMessage.<anonymous> (/usr/local/lib/node_modules/npm/node_modules/request/request.js:965:12)
26 verbose statusCode 404
27 verbose pkgid logsys
28 verbose cwd /media/ll/ll/workspace/km_log/logt
29 error Linux 4.4.0-47-generic
30 error argv "/usr/local/bin/node" "/usr/local/bin/npm" "publish" "logsys@1.0.0"
31 error node v7.0.0
32 error npm  v3.10.8
33 error code E404
34 error 404 Registry returned 404 for GET on https://registry.npmjs.org/logsys
35 error 404
36 error 404 'logsys' is not in the npm registry.
37 error 404 You should bug the author to publish it (or use the name yourself!)
38 error 404 Note that you can also install from a
39 error 404 tarball, folder, http url, or git url.
40 verbose exit [ 1, true ]
